Arguments: 
  C:\Program Files\nodejs\node.exe C:\Users\luochen\AppData\Roaming\npm\node_modules\yarn\bin\yarn.js add react react-dom react-scriput

PATH: 
  C:\Windows\system32;C:\Windows;C:\Windows\System32\Wbem;C:\Windows\System32\WindowsPowerShell\v1.0\;C:\Windows\System32\OpenSSH\;C:\Users\luochen\node js;C:\Program Files\Git\cmd;D:\luochen\微信小程序\微信web开发者工具\dll;C:\Program Files\TortoiseGit\bin;C:\Users\luochen\AppData\Roaming\nvm;C:\Program Files\nodejs;C:\Program Files\dotnet\;C:\Users\luochen\AppData\Local\pnpm;C:\Users\luochen\AppData\Local\Microsoft\WindowsApps;D:\Users\luochen\AppData\Local\Programs\Microsoft VS Code\bin;C:\Users\luochen\AppData\Roaming\npm;C:\Program Files\MongoDB\Server\4.0\bin;D:\luochen\Bin;D:\vscode\Microsoft VS Code\bin;C:\Users\luochen\AppData\Roaming\nvm;C:\Program Files\nodejs

Yarn version: 
  1.22.19

Node version: 
  16.17.0

Platform: 
  win32 x64

Trace: 
  Error: connect ETIMEDOUT 104.16.0.35:443
      at TCPConnectWrap.afterConnect [as oncomplete] (node:net:1247:16)

npm manifest: 
  {
    "name": "react-course",
    "version": "1.0.0",
    "main": "index.js",
    "license": "MIT"
  }

yarn manifest: 
  No manifest

Lockfile: 
  No lockfile
